<?xml version="1.0" encoding="UTF-8"?>
<testsuite xmlns:xsi="http://www.w3.org/2001/XMLSchema-instance" xsi:noNamespaceSchemaLocation="https://maven.apache.org/surefire/maven-surefire-plugin/xsd/surefire-test-report.xsd" name="pom_reader.PomReaderTest" time="0.057" tests="4" errors="0" skipped="0" failures="0">
  <properties>
[...]
</properties>
  <testcase name="getVersion_from_DefaultDir" classname="pom_reader.PomReaderTest" time="0.044"/>
  <testcase name="getArtifactId_from_externalPom_with_fullyQualifiedPath" classname="pom_reader.PomReaderTest" time="0.003"/>
  <testcase name="newPomReader" classname="pom_reader.PomReaderTest" time="0.001"/>
  <testcase name="getArtifactId_from_externalPom_with_pomXmlMissing" classname="pom_reader.PomReaderTest" time="0.002"/>
</testsuite>